<?xml version="1.0" ?>
<!DOCTYPE coverage SYSTEM "http://cobertura.sourceforge.net/xml/coverage-04.dtd">
<coverage lines-valid="261" lines-covered="250" line-rate="0.9579000000000001" branches-valid="58" branches-covered="49" branch-rate="0.8448" timestamp="1610026495019" complexity="0" version="0.1">
  <sources>
    <source>[PROJECT_ROOT]</source>
  </sources>
  <packages>
    <package name="entities" line-rate="1" branch-rate="1">
      <classes>
        <class name="index.ts" filename="src/entities/index.ts" line-rate="1" branch-rate="1">
          <methods>
          </methods>
          <lines>
            <line number="1" hits="3" branch="false"/>
            <line number="2" hits="3" branch="false"/>
            <line number="3" hits="3" branch="false"/>
          </lines>
        </class>
        <class name="pollutant.ts" filename="src/entities/pollutant.ts" line-rate="1" branch-rate="1">
          <methods>
          </methods>
          <lines>
            <line number="1" hits="3" branch="false"/>
            <line number="2" hits="3" branch="false"/>
            <line number="5" hits="3" branch="false"/>
            <line number="7" hits="3" branch="false"/>
            <line number="10" hits="3" branch="false"/>
            <line number="13" hits="3" branch="false"/>
            <line number="16" hits="3" branch="false"/>
          </lines>
        </class>
        <class name="pollutant_data.ts" filename="src/entities/pollutant_data.ts" line-rate="1" branch-rate="1">
          <methods>
            <method name="(anonymous_2)" hits="4" signature="()V">
              <lines>
                <line number="22" hits="4"/>
              </lines>
            </method>
            <method name="(anonymous_3)" hits="4" signature="()V">
              <lines>
                <line number="29" hits="4"/>
              </lines>
            </method>
          </methods>
          <lines>
            <line number="1" hits="3" branch="false"/>
            <line number="2" hits="3" branch="false"/>
            <line number="3" hits="3" branch="false"/>
            <line number="4" hits="3" branch="false"/>
            <line number="5" hits="3" branch="false"/>
            <line number="6" hits="3" branch="false"/>
            <line number="8" hits="3" branch="false"/>
            <line number="9" hits="3" branch="false"/>
            <line number="12" hits="3" branch="false"/>
            <line number="14" hits="3" branch="false"/>
            <line number="17" hits="3" branch="false"/>
            <line number="20" hits="3" branch="false"/>
            <line number="22" hits="4" branch="false"/>
            <line number="24" hits="3" branch="false"/>
            <line number="27" hits="3" branch="false"/>
            <line number="29" hits="4" branch="false"/>
            <line number="31" hits="3" branch="false"/>
          </lines>
        </class>
        <class name="station.ts" filename="src/entities/station.ts" line-rate="1" branch-rate="1">
          <methods>
          </methods>
          <lines>
            <line number="1" hits="3" branch="false"/>
            <line number="2" hits="3" branch="false"/>
            <line number="3" hits="3" branch="false"/>
            <line number="5" hits="3" branch="false"/>
            <line number="8" hits="3" branch="false"/>
            <line number="10" hits="3" branch="false"/>
            <line number="13" hits="3" branch="false"/>
            <line number="16" hits="3" branch="false"/>
            <line number="19" hits="3" branch="false"/>
          </lines>
        </class>
      </classes>
    </package>
    <package name="entities.helpers" line-rate="1" branch-rate="1">
      <classes>
        <class name="numeric-transformer.ts" filename="src/entities/helpers/numeric-transformer.ts" line-rate="1" branch-rate="1">
          <methods>
            <method name="(anonymous_0)" hits="10" signature="()V">
              <lines>
                <line number="4" hits="10"/>
              </lines>
            </method>
            <method name="(anonymous_1)" hits="14" signature="()V">
              <lines>
                <line number="8" hits="14"/>
              </lines>
            </method>
          </methods>
          <lines>
            <line number="3" hits="3" branch="false"/>
            <line number="5" hits="10" branch="false"/>
            <line number="9" hits="14" branch="false"/>
          </lines>
        </class>
        <class name="table.ts" filename="src/entities/helpers/table.ts" line-rate="1" branch-rate="1">
          <methods>
          </methods>
          <lines>
            <line number="1" hits="3" branch="false"/>
            <line number="7" hits="3" branch="false"/>
            <line number="9" hits="3" branch="false"/>
            <line number="11" hits="3" branch="false"/>
            <line number="13" hits="3" branch="false"/>
            <line number="16" hits="3" branch="false"/>
            <line number="19" hits="3" branch="false"/>
            <line number="22" hits="3" branch="false"/>
          </lines>
        </class>
        <class name="timestamptz-transformer.ts" filename="src/entities/helpers/timestamptz-transformer.ts" line-rate="1" branch-rate="1">
          <methods>
            <method name="(anonymous_0)" hits="39" signature="()V">
              <lines>
                <line number="4" hits="39"/>
              </lines>
            </method>
            <method name="(anonymous_1)" hits="64" signature="()V">
              <lines>
                <line number="8" hits="64"/>
              </lines>
            </method>
          </methods>
          <lines>
            <line number="3" hits="3" branch="false"/>
            <line number="5" hits="39" branch="false"/>
            <line number="9" hits="64" branch="true" condition-coverage="100% (2/2)"/>
            <line number="10" hits="54" branch="false"/>
          </lines>
        </class>
      </classes>
    </package>
    <package name="modules.app" line-rate="1" branch-rate="1">
      <classes>
        <class name="app.controller.ts" filename="src/modules/app/app.controller.ts" line-rate="1" branch-rate="1">
          <methods>
            <method name="(anonymous_2)" hits="2" signature="()V">
              <lines>
                <line number="6" hits="2"/>
              </lines>
            </method>
            <method name="(anonymous_3)" hits="2" signature="()V">
              <lines>
                <line number="9" hits="2"/>
              </lines>
            </method>
          </methods>
          <lines>
            <line number="1" hits="2" branch="false"/>
            <line number="2" hits="2" branch="false"/>
            <line number="5" hits="2" branch="false"/>
            <line number="6" hits="2" branch="false"/>
            <line number="9" hits="2" branch="false"/>
            <line number="10" hits="2" branch="false"/>
          </lines>
        </class>
        <class name="app.module.ts" filename="src/modules/app/app.module.ts" line-rate="1" branch-rate="1">
          <methods>
          </methods>
          <lines>
            <line number="1" hits="1" branch="false"/>
            <line number="2" hits="1" branch="false"/>
            <line number="3" hits="1" branch="false"/>
            <line number="4" hits="1" branch="false"/>
            <line number="5" hits="1" branch="false"/>
            <line number="12" hits="1" branch="false"/>
          </lines>
        </class>
        <class name="app.service.ts" filename="src/modules/app/app.service.ts" line-rate="1" branch-rate="1">
          <methods>
            <method name="(anonymous_1)" hits="2" signature="()V">
              <lines>
                <line number="5" hits="2"/>
              </lines>
            </method>
          </methods>
          <lines>
            <line number="1" hits="2" branch="false"/>
            <line number="4" hits="2" branch="false"/>
            <line number="6" hits="2" branch="false"/>
          </lines>
        </class>
      </classes>
    </package>
    <package name="scripts.fetch-external-data" line-rate="0.9747" branch-rate="1">
      <classes>
        <class name="constants.ts" filename="src/scripts/fetch-external-data/constants.ts" line-rate="1" branch-rate="1">
          <methods>
          </methods>
          <lines>
            <line number="1" hits="3" branch="false"/>
          </lines>
        </class>
        <class name="script.ts" filename="src/scripts/fetch-external-data/script.ts" line-rate="0.9737" branch-rate="1">
          <methods>
            <method name="makeApiRequest" hits="7" signature="()V">
              <lines>
                <line number="18" hits="7"/>
              </lines>
            </method>
            <method name="(anonymous_1)" hits="6" signature="()V">
              <lines>
                <line number="23" hits="6"/>
              </lines>
            </method>
            <method name="validateApiResponse" hits="6" signature="()V">
              <lines>
                <line number="37" hits="6"/>
              </lines>
            </method>
            <method name="(anonymous_3)" hits="4" signature="()V">
              <lines>
                <line number="47" hits="4"/>
              </lines>
            </method>
            <method name="insertDataInDb" hits="9" signature="()V">
              <lines>
                <line number="53" hits="9"/>
              </lines>
            </method>
            <method name="(anonymous_5)" hits="7" signature="()V">
              <lines>
                <line number="65" hits="7"/>
              </lines>
            </method>
            <method name="fetchExternalData" hits="2" signature="()V">
              <lines>
                <line number="101" hits="2"/>
              </lines>
            </method>
            <method name="(anonymous_7)" hits="6" signature="()V">
              <lines>
                <line number="115" hits="6"/>
              </lines>
            </method>
            <method name="(anonymous_8)" hits="4" signature="()V">
              <lines>
                <line number="139" hits="4"/>
              </lines>
            </method>
          </methods>
          <lines>
            <line number="1" hits="2" branch="false"/>
            <line number="2" hits="2" branch="false"/>
            <line number="3" hits="2" branch="false"/>
            <line number="4" hits="2" branch="false"/>
            <line number="5" hits="2" branch="false"/>
            <line number="6" hits="2" branch="false"/>
            <line number="7" hits="2" branch="false"/>
            <line number="8" hits="2" branch="false"/>
            <line number="9" hits="2" branch="false"/>
            <line number="11" hits="2" branch="false"/>
            <line number="18" hits="2" branch="false"/>
            <line number="19" hits="7" branch="false"/>
            <line number="22" hits="7" branch="false"/>
            <line number="23" hits="7" branch="false"/>
            <line number="25" hits="1" branch="false"/>
            <line number="28" hits="6" branch="true" condition-coverage="100% (2/2)"/>
            <line number="29" hits="1" branch="false"/>
            <line number="34" hits="5" branch="false"/>
            <line number="37" hits="2" branch="false"/>
            <line number="41" hits="6" branch="false"/>
            <line number="42" hits="6" branch="false"/>
            <line number="44" hits="6" branch="true" condition-coverage="100% (2/2)"/>
            <line number="45" hits="1" branch="false"/>
            <line number="47" hits="4" branch="false"/>
            <line number="53" hits="2" branch="false"/>
            <line number="60" hits="9" branch="false"/>
            <line number="61" hits="9" branch="false"/>
            <line number="62" hits="9" branch="false"/>
            <line number="64" hits="9" branch="false"/>
            <line number="65" hits="7" branch="true" condition-coverage="100% (2/2)"/>
            <line number="67" hits="9" branch="true" condition-coverage="100% (2/2)"/>
            <line number="68" hits="4" branch="false"/>
            <line number="69" hits="4" branch="false"/>
            <line number="72" hits="5" branch="false"/>
            <line number="76" hits="15" branch="true" condition-coverage="100% (2/2)"/>
            <line number="77" hits="1" branch="false"/>
            <line number="78" hits="1" branch="false"/>
            <line number="80" hits="14" branch="false"/>
            <line number="81" hits="14" branch="true" condition-coverage="100% (2/2)"/>
            <line number="82" hits="1" branch="false"/>
            <line number="87" hits="13" branch="false"/>
            <line number="94" hits="13" branch="false"/>
            <line number="95" hits="13" branch="false"/>
            <line number="98" hits="4" branch="false"/>
            <line number="101" hits="2" branch="false"/>
            <line number="102" hits="2" branch="false"/>
            <line number="103" hits="2" branch="false"/>
            <line number="104" hits="2" branch="false"/>
            <line number="105" hits="2" branch="false"/>
            <line number="107" hits="2" branch="false"/>
            <line number="108" hits="2" branch="false"/>
            <line number="109" hits="2" branch="false"/>
            <line number="111" hits="2" branch="false"/>
            <line number="112" hits="2" branch="false"/>
            <line number="113" hits="2" branch="false"/>
            <line number="114" hits="2" branch="false"/>
            <line number="115" hits="2" branch="false"/>
            <line number="116" hits="6" branch="false"/>
            <line number="120" hits="2" branch="false"/>
            <line number="133" hits="2" branch="false"/>
            <line number="135" hits="2" branch="false"/>
            <line number="137" hits="2" branch="false"/>
            <line number="138" hits="2" branch="false"/>
            <line number="140" hits="4" branch="false"/>
            <line number="141" hits="4" branch="false"/>
            <line number="142" hits="4" branch="false"/>
            <line number="143" hits="4" branch="false"/>
            <line number="144" hits="4" branch="false"/>
            <line number="145" hits="4" branch="false"/>
            <line number="152" hits="4" branch="false"/>
            <line number="156" hits="2" branch="false"/>
            <line number="160" hits="0" branch="false"/>
            <line number="161" hits="0" branch="false"/>
            <line number="164" hits="2" branch="false"/>
            <line number="165" hits="2" branch="false"/>
            <line number="166" hits="2" branch="false"/>
          </lines>
        </class>
        <class name="waqi-api-response.ts" filename="src/scripts/fetch-external-data/waqi-api-response.ts" line-rate="1" branch-rate="1">
          <methods>
            <method name="responseIsError" hits="6" signature="()V">
              <lines>
                <line number="53" hits="6"/>
              </lines>
            </method>
          </methods>
          <lines>
            <line number="53" hits="2" branch="false"/>
            <line number="54" hits="6" branch="false"/>
          </lines>
        </class>
      </classes>
    </package>
    <package name="scripts.fetch-external-data.validation" line-rate="1" branch-rate="0.8946999999999999">
      <classes>
        <class name="custom-validators.ts" filename="src/scripts/fetch-external-data/validation/custom-validators.ts" line-rate="1" branch-rate="0.8946999999999999">
          <methods>
            <method name="(anonymous_1)" hits="16" signature="()V">
              <lines>
                <line number="20" hits="16"/>
              </lines>
            </method>
            <method name="IsWaqiDailyForecast" hits="2" signature="()V">
              <lines>
                <line number="45" hits="2"/>
              </lines>
            </method>
            <method name="(anonymous_3)" hits="2" signature="()V">
              <lines>
                <line number="46" hits="2"/>
              </lines>
            </method>
            <method name="(anonymous_4)" hits="10" signature="()V">
              <lines>
                <line number="61" hits="10"/>
              </lines>
            </method>
            <method name="IsWaqiSTime" hits="2" signature="()V">
              <lines>
                <line number="67" hits="2"/>
              </lines>
            </method>
            <method name="(anonymous_6)" hits="2" signature="()V">
              <lines>
                <line number="68" hits="2"/>
              </lines>
            </method>
            <method name="(anonymous_7)" hits="16" signature="()V">
              <lines>
                <line number="83" hits="16"/>
              </lines>
            </method>
            <method name="IsWaqiIaqi" hits="2" signature="()V">
              <lines>
                <line number="99" hits="2"/>
              </lines>
            </method>
            <method name="(anonymous_9)" hits="2" signature="()V">
              <lines>
                <line number="100" hits="2"/>
              </lines>
            </method>
          </methods>
          <lines>
            <line number="1" hits="3" branch="false"/>
            <line number="15" hits="3" branch="false"/>
            <line number="18" hits="3" branch="false"/>
            <line number="21" hits="16" branch="true" condition-coverage="100% (2/2)"/>
            <line number="22" hits="15" branch="false"/>
            <line number="23" hits="15" branch="false"/>
            <line number="24" hits="14" branch="true" condition-coverage="100% (2/2)"/>
            <line number="25" hits="12" branch="true" condition-coverage="100% (4/4)"/>
            <line number="27" hits="10" branch="false"/>
            <line number="28" hits="27" branch="false"/>
            <line number="29" hits="27" branch="true" condition-coverage="100% (2/2)"/>
            <line number="30" hits="25" branch="false"/>
            <line number="31" hits="99" branch="true" condition-coverage="100% (2/2)"/>
            <line number="32" hits="98" branch="true" condition-coverage="100% (4/4)"/>
            <line number="33" hits="1" branch="false"/>
            <line number="35" hits="97" branch="true" condition-coverage="100% (4/4)"/>
            <line number="36" hits="1" branch="false"/>
            <line number="41" hits="6" branch="false"/>
            <line number="45" hits="3" branch="false"/>
            <line number="46" hits="2" branch="false"/>
            <line number="47" hits="2" branch="false"/>
            <line number="59" hits="3" branch="false"/>
            <line number="62" hits="10" branch="true" condition-coverage="100% (2/2)"/>
            <line number="63" hits="9" branch="false"/>
            <line number="67" hits="3" branch="false"/>
            <line number="68" hits="2" branch="false"/>
            <line number="69" hits="2" branch="false"/>
            <line number="81" hits="3" branch="false"/>
            <line number="84" hits="16" branch="true" condition-coverage="100% (2/2)"/>
            <line number="85" hits="15" branch="false"/>
            <line number="86" hits="15" branch="false"/>
            <line number="87" hits="40" branch="true" condition-coverage="100% (2/2)"/>
            <line number="88" hits="33" branch="true" condition-coverage="50% (1/2)"/>
            <line number="89" hits="33" branch="false"/>
            <line number="90" hits="33" branch="true" condition-coverage="75% (3/4)"/>
            <line number="91" hits="33" branch="true" condition-coverage="50% (1/2)"/>
            <line number="93" hits="33" branch="true" condition-coverage="75% (3/4)"/>
            <line number="95" hits="8" branch="false"/>
            <line number="99" hits="3" branch="false"/>
            <line number="100" hits="2" branch="false"/>
            <line number="101" hits="2" branch="false"/>
          </lines>
        </class>
        <class name="validation.ts" filename="src/scripts/fetch-external-data/validation/validation.ts" line-rate="1" branch-rate="1">
          <methods>
            <method name="(anonymous_2)" hits="6" signature="()V">
              <lines>
                <line number="85" hits="6"/>
              </lines>
            </method>
            <method name="(anonymous_3)" hits="6" signature="()V">
              <lines>
                <line number="97" hits="6"/>
              </lines>
            </method>
            <method name="(anonymous_4)" hits="6" signature="()V">
              <lines>
                <line number="101" hits="6"/>
              </lines>
            </method>
            <method name="(anonymous_5)" hits="6" signature="()V">
              <lines>
                <line number="116" hits="6"/>
              </lines>
            </method>
            <method name="(anonymous_6)" hits="6" signature="()V">
              <lines>
                <line number="120" hits="6"/>
              </lines>
            </method>
            <method name="(anonymous_7)" hits="6" signature="()V">
              <lines>
                <line number="124" hits="6"/>
              </lines>
            </method>
          </methods>
          <lines>
            <line number="1" hits="2" branch="false"/>
            <line number="19" hits="2" branch="false"/>
            <line number="20" hits="2" branch="false"/>
            <line number="21" hits="2" branch="false"/>
            <line number="25" hits="2" branch="false"/>
            <line number="28" hits="2" branch="false"/>
            <line number="32" hits="2" branch="false"/>
            <line number="42" hits="2" branch="false"/>
            <line number="45" hits="2" branch="false"/>
            <line number="48" hits="2" branch="false"/>
            <line number="53" hits="2" branch="false"/>
            <line number="57" hits="2" branch="false"/>
            <line number="61" hits="2" branch="false"/>
            <line number="64" hits="2" branch="false"/>
            <line number="69" hits="2" branch="false"/>
            <line number="74" hits="2" branch="false"/>
            <line number="84" hits="2" branch="false"/>
            <line number="85" hits="6" branch="false"/>
            <line number="89" hits="2" branch="false"/>
            <line number="93" hits="2" branch="false"/>
            <line number="97" hits="6" branch="false"/>
            <line number="98" hits="2" branch="false"/>
            <line number="101" hits="6" branch="false"/>
            <line number="102" hits="2" branch="false"/>
            <line number="106" hits="2" branch="false"/>
            <line number="109" hits="2" branch="false"/>
            <line number="116" hits="6" branch="false"/>
            <line number="117" hits="2" branch="false"/>
            <line number="120" hits="6" branch="false"/>
            <line number="121" hits="2" branch="false"/>
            <line number="124" hits="6" branch="false"/>
            <line number="125" hits="2" branch="false"/>
          </lines>
        </class>
      </classes>
    </package>
    <package name="scripts.merge-coverage" line-rate="0.75" branch-rate="0.16670000000000001">
      <classes>
        <class name="script.ts" filename="src/scripts/merge-coverage/script.ts" line-rate="0.75" branch-rate="0.16670000000000001">
          <methods>
            <method name="mergeCoverageReports" hits="1" signature="()V">
              <lines>
                <line number="14" hits="1"/>
              </lines>
            </method>
          </methods>
          <lines>
            <line number="1" hits="1" branch="false"/>
            <line number="2" hits="1" branch="false"/>
            <line number="3" hits="1" branch="false"/>
            <line number="4" hits="1" branch="false"/>
            <line number="5" hits="1" branch="false"/>
            <line number="6" hits="1" branch="false"/>
            <line number="7" hits="1" branch="false"/>
            <line number="9" hits="1" branch="false"/>
            <line number="10" hits="1" branch="false"/>
            <line number="11" hits="1" branch="false"/>
            <line number="12" hits="1" branch="false"/>
            <line number="14" hits="1" branch="false"/>
            <line number="15" hits="1" branch="false"/>
            <line number="19" hits="1" branch="false"/>
            <line number="20" hits="1" branch="false"/>
            <line number="21" hits="1" branch="false"/>
            <line number="23" hits="0" branch="false"/>
            <line number="25" hits="1" branch="false"/>
            <line number="26" hits="1" branch="false"/>
            <line number="27" hits="1" branch="false"/>
            <line number="29" hits="0" branch="false"/>
            <line number="32" hits="1" branch="false"/>
            <line number="33" hits="1" branch="false"/>
            <line number="35" hits="1" branch="false"/>
            <line number="36" hits="1" branch="false"/>
            <line number="37" hits="1" branch="false"/>
            <line number="42" hits="1" branch="true" condition-coverage="50% (1/2)"/>
            <line number="43" hits="1" branch="false"/>
            <line number="44" hits="1" branch="false"/>
            <line number="46" hits="0" branch="false"/>
            <line number="47" hits="0" branch="false"/>
            <line number="48" hits="0" branch="false"/>
            <line number="52" hits="0" branch="true" condition-coverage="0% (0/2)"/>
            <line number="54" hits="0" branch="true" condition-coverage="0% (0/2)"/>
            <line number="56" hits="0" branch="false"/>
            <line number="58" hits="0" branch="false"/>
          </lines>
        </class>
      </classes>
    </package>
    <package name="util" line-rate="1" branch-rate="1">
      <classes>
        <class name="mock-repository.ts" filename="src/util/mock-repository.ts" line-rate="1" branch-rate="1">
          <methods>
            <method name="(anonymous_0)" hits="1" signature="()V">
              <lines>
                <line number="9" hits="1"/>
              </lines>
            </method>
          </methods>
          <lines>
            <line number="9" hits="1" branch="false"/>
          </lines>
        </class>
        <class name="truncate-tables.ts" filename="src/util/truncate-tables.ts" line-rate="1" branch-rate="1">
          <methods>
            <method name="truncateTables" hits="1" signature="()V">
              <lines>
                <line number="3" hits="1"/>
              </lines>
            </method>
            <method name="(anonymous_1)" hits="3" signature="()V">
              <lines>
                <line number="5" hits="3"/>
              </lines>
            </method>
            <method name="(anonymous_2)" hits="3" signature="()V">
              <lines>
                <line number="6" hits="3"/>
              </lines>
            </method>
          </methods>
          <lines>
            <line number="3" hits="1" branch="false"/>
            <line number="4" hits="1" branch="false"/>
            <line number="5" hits="3" branch="false"/>
            <line number="6" hits="3" branch="false"/>
            <line number="9" hits="1" branch="false"/>
            <line number="10" hits="1" branch="false"/>
          </lines>
        </class>
      </classes>
    </package>
  </packages>
</coverage>
